<?xml version="1.0" encoding="UTF-8"?>
<!-- Generated by org.testng.reporters.JUnitXMLReporter -->
<testsuite hostname="WKSSDS003" ignored="0" name="Paint Partner-Admin Screenshot and  testing" tests="11" failures="1" timestamp="14 Nov 2018 10:41:46 GMT" time="210.5" errors="0">
  <testcase name="@AfterMethod gotohomepage" time="0.052" classname="com.xqt.paintpartner.PP_ADMIN_test">
    <failure type="org.openqa.selenium.WebDriverException" message="unknown error: Element &amp;lt;img src=&amp;quot;NPNImages/home.png&amp;quot; style=&amp;quot;margin: 8px 0 0 0&amp;quot;&amp;gt; is not clickable at point (1204, 124). Other element would receive the click: &amp;lt;div class=&amp;quot;loaderTC&amp;quot;&amp;gt;...&amp;lt;/div&amp;gt;
  (Session info: chrome=70.0.3538.102)
  (Driver info: chromedriver=2.38.552522 (437e6fbedfa8762dec75e2c5b3ddb86763dc9dcb),platform=Windows NT 10.0.15063 x86_64) (WARNING: The server did not provide any stacktrace information)
Command duration or timeout: 37 milliseconds
Build info: version: &amp;apos;3.3.1&amp;apos;, revision: &amp;apos;5234b325d5&amp;apos;, time: &amp;apos;2017-03-10 09:10:29 +0000&amp;apos;
System info: host: &amp;apos;WKSSDS003&amp;apos;, ip: &amp;apos;192.168.1.114&amp;apos;, os.name: &amp;apos;Windows 10&amp;apos;, os.arch: &amp;apos;amd64&amp;apos;, os.version: &amp;apos;10.0&amp;apos;, java.version: &amp;apos;1.8.0_151&amp;apos;
Driver info: org.openqa.selenium.chrome.ChromeDriver
Capabilities [{applicationCacheEnabled=false, rotatable=false, mobileEmulationEnabled=false, networkConnectionEnabled=false, chrome={chromedriverVersion=2.38.552522 (437e6fbedfa8762dec75e2c5b3ddb86763dc9dcb), userDataDir=C:\Users\User\AppData\Local\Temp\scoped_dir548_3564}, takesHeapSnapshot=true, pageLoadStrategy=normal, databaseEnabled=false, handlesAlerts=true, hasTouchScreen=false, version=70.0.3538.102, platform=XP, browserConnectionEnabled=false, nativeEvents=true, acceptSslCerts=false, acceptInsecureCerts=false, locationContextEnabled=true, webStorageEnabled=true, browserName=chrome, takesScreenshot=true, javascriptEnabled=true, cssSelectorsEnabled=true, setWindowRect=true, unexpectedAlertBehaviour=}]
Session ID: d5586a1d08950638c287c9e8866ff435">
      <![CDATA[org.openqa.selenium.WebDriverException: unknown error: Element <img src="NPNImages/home.png" style="margin: 8px 0 0 0"> is not clickable at point (1204, 124). Other element would receive the click: <div class="loaderTC">...</div>  (Session info: chrome=70.0.3538.102)  (Driver info: chromedriver=2.38.552522 (437e6fbedfa8762dec75e2c5b3ddb86763dc9dcb),platform=Windows NT 10.0.15063 x86_64) (WARNING: The server did not provide any stacktrace information)Command duration or timeout: 37 millisecondsBuild info: version: '3.3.1', revision: '5234b325d5', time: '2017-03-10 09:10:29 +0000'System info: host: 'WKSSDS003', ip: '192.168.1.114', os.name: 'Windows 10', os.arch: 'amd64', os.version: '10.0', java.version: '1.8.0_151'Driver info: org.openqa.selenium.chrome.ChromeDriverCapabilities [{applicationCacheEnabled=false, rotatable=false, mobileEmulationEnabled=false, networkConnectionEnabled=false, chrome={chromedriverVersion=2.38.552522 (437e6fbedfa8762dec75e2c5b3ddb86763dc9dcb), userDataDir=C:\Users\User\AppData\Local\Temp\scoped_dir548_3564}, takesHeapSnapshot=true, pageLoadStrategy=normal, databaseEnabled=false, handlesAlerts=true, hasTouchScreen=false, version=70.0.3538.102, platform=XP, browserConnectionEnabled=false, nativeEvents=true, acceptSslCerts=false, acceptInsecureCerts=false, locationContextEnabled=true, webStorageEnabled=true, browserName=chrome, takesScreenshot=true, javascriptEnabled=true, cssSelectorsEnabled=true, setWindowRect=true, unexpectedAlertBehaviour=}]Session ID: d5586a1d08950638c287c9e8866ff435at org.openqa.selenium.remote.ErrorHandler.createThrowable(ErrorHandler.java:216)at org.openqa.selenium.remote.ErrorHandler.throwIfResponseFailed(ErrorHandler.java:168)at org.openqa.selenium.remote.RemoteWebDriver.execute(RemoteWebDriver.java:638)at org.openqa.selenium.remote.RemoteWebElement.execute(RemoteWebElement.java:274)at org.openqa.selenium.remote.RemoteWebElement.click(RemoteWebElement.java:84)at com.xqt.paintpartner.PP_ADMIN_test.gotohomepage(PP_ADMIN_test.java:61)... Removed 32 stack frames]]>
    </failure>
  </testcase> <!-- @AfterMethod gotohomepage -->
  <testcase name="@AfterTest closefirefox" time="0.0" classname="com.xqt.paintpartner.PP_ADMIN_test">
    <skipped/>
  </testcase> <!-- @AfterTest closefirefox -->
  <testcase name="coloursearch" time="22.017" classname="com.xqt.paintpartner.PP_ADMIN_test"/>
  <testcase name="colourrequest" time="10.702" classname="com.xqt.paintpartner.PP_ADMIN_test"/>
  <testcase name="managepanel" time="26.809" classname="com.xqt.paintpartner.PP_ADMIN_test"/>
  <testcase name="managecolour" time="98.028" classname="com.xqt.paintpartner.PP_ADMIN_test"/>
  <testcase name="PROFILE" time="0.539" classname="com.xqt.paintpartner.PP_ADMIN_test"/>
  <testcase name="UserRegistration" time="2.675" classname="com.xqt.paintpartner.PP_ADMIN_test"/>
  <testcase name="PRICING" time="3.777" classname="com.xqt.paintpartner.PP_ADMIN_test"/>
  <testcase name="datashare" time="1.906" classname="com.xqt.paintpartner.PP_ADMIN_test"/>
  <testcase name="Download" time="9.264" classname="com.xqt.paintpartner.PP_ADMIN_test"/>
  <testcase name="systemreport" time="9.436" classname="com.xqt.paintpartner.PP_ADMIN_test"/>
  <testcase name="mastermanagement" time="10.244" classname="com.xqt.paintpartner.PP_ADMIN_test">
    <failure type="org.openqa.selenium.WebDriverException" message="unknown error: Element &amp;lt;input id=&amp;quot;ctl00_ContentPlaceHolder1_rdbSelectUserType_1&amp;quot; type=&amp;quot;radio&amp;quot; name=&amp;quot;ctl00$ContentPlaceHolder1$rdbSelectUserType&amp;quot; value=&amp;quot;0&amp;quot; onclick=&amp;quot;javascript:setTimeout(&amp;apos;__doPostBack(\&amp;apos;ctl00$ContentPlaceHolder1$rdbSelectUserType$1\&amp;apos;,\&amp;apos;\&amp;apos;)&amp;apos;, 0)&amp;quot;&amp;gt; is not clickable at point (686, 208). Other element would receive the click: &amp;lt;div class=&amp;quot;loaderTC&amp;quot;&amp;gt;...&amp;lt;/div&amp;gt;
  (Session info: chrome=70.0.3538.102)
  (Driver info: chromedriver=2.38.552522 (437e6fbedfa8762dec75e2c5b3ddb86763dc9dcb),platform=Windows NT 10.0.15063 x86_64) (WARNING: The server did not provide any stacktrace information)
Command duration or timeout: 38 milliseconds
Build info: version: &amp;apos;3.3.1&amp;apos;, revision: &amp;apos;5234b325d5&amp;apos;, time: &amp;apos;2017-03-10 09:10:29 +0000&amp;apos;
System info: host: &amp;apos;WKSSDS003&amp;apos;, ip: &amp;apos;192.168.1.114&amp;apos;, os.name: &amp;apos;Windows 10&amp;apos;, os.arch: &amp;apos;amd64&amp;apos;, os.version: &amp;apos;10.0&amp;apos;, java.version: &amp;apos;1.8.0_151&amp;apos;
Driver info: org.openqa.selenium.chrome.ChromeDriver
Capabilities [{applicationCacheEnabled=false, rotatable=false, mobileEmulationEnabled=false, networkConnectionEnabled=false, chrome={chromedriverVersion=2.38.552522 (437e6fbedfa8762dec75e2c5b3ddb86763dc9dcb), userDataDir=C:\Users\User\AppData\Local\Temp\scoped_dir548_3564}, takesHeapSnapshot=true, pageLoadStrategy=normal, databaseEnabled=false, handlesAlerts=true, hasTouchScreen=false, version=70.0.3538.102, platform=XP, browserConnectionEnabled=false, nativeEvents=true, acceptSslCerts=false, acceptInsecureCerts=false, locationContextEnabled=true, webStorageEnabled=true, browserName=chrome, takesScreenshot=true, javascriptEnabled=true, cssSelectorsEnabled=true, setWindowRect=true, unexpectedAlertBehaviour=}]
Session ID: d5586a1d08950638c287c9e8866ff435">
      <![CDATA[org.openqa.selenium.WebDriverException: unknown error: Element <input id="ctl00_ContentPlaceHolder1_rdbSelectUserType_1" type="radio" name="ctl00$ContentPlaceHolder1$rdbSelectUserType" value="0" onclick="javascript:setTimeout('__doPostBack(\'ctl00$ContentPlaceHolder1$rdbSelectUserType$1\',\'\')', 0)"> is not clickable at point (686, 208). Other element would receive the click: <div class="loaderTC">...</div>  (Session info: chrome=70.0.3538.102)  (Driver info: chromedriver=2.38.552522 (437e6fbedfa8762dec75e2c5b3ddb86763dc9dcb),platform=Windows NT 10.0.15063 x86_64) (WARNING: The server did not provide any stacktrace information)Command duration or timeout: 38 millisecondsBuild info: version: '3.3.1', revision: '5234b325d5', time: '2017-03-10 09:10:29 +0000'System info: host: 'WKSSDS003', ip: '192.168.1.114', os.name: 'Windows 10', os.arch: 'amd64', os.version: '10.0', java.version: '1.8.0_151'Driver info: org.openqa.selenium.chrome.ChromeDriverCapabilities [{applicationCacheEnabled=false, rotatable=false, mobileEmulationEnabled=false, networkConnectionEnabled=false, chrome={chromedriverVersion=2.38.552522 (437e6fbedfa8762dec75e2c5b3ddb86763dc9dcb), userDataDir=C:\Users\User\AppData\Local\Temp\scoped_dir548_3564}, takesHeapSnapshot=true, pageLoadStrategy=normal, databaseEnabled=false, handlesAlerts=true, hasTouchScreen=false, version=70.0.3538.102, platform=XP, browserConnectionEnabled=false, nativeEvents=true, acceptSslCerts=false, acceptInsecureCerts=false, locationContextEnabled=true, webStorageEnabled=true, browserName=chrome, takesScreenshot=true, javascriptEnabled=true, cssSelectorsEnabled=true, setWindowRect=true, unexpectedAlertBehaviour=}]Session ID: d5586a1d08950638c287c9e8866ff435at org.openqa.selenium.remote.ErrorHandler.createThrowable(ErrorHandler.java:216)at org.openqa.selenium.remote.ErrorHandler.throwIfResponseFailed(ErrorHandler.java:168)at org.openqa.selenium.remote.RemoteWebDriver.execute(RemoteWebDriver.java:638)at org.openqa.selenium.remote.RemoteWebElement.execute(RemoteWebElement.java:274)at org.openqa.selenium.remote.RemoteWebElement.click(RemoteWebElement.java:84)at com.xqt.paintpartner.PP_ADMIN_test.mastermanagement(PP_ADMIN_test.java:283)... Removed 29 stack frames]]>
    </failure>
  </testcase> <!-- mastermanagement -->
</testsuite> <!-- Paint Partner-Admin Screenshot and  testing -->
