<?xml version="1.0" encoding="UTF-8"?>
<!-- Generated by org.testng.reporters.JUnitXMLReporter -->
<testsuite hostname="WSWD024-Naveen" ignored="0" name="Paint Partner-PP-Admin test" tests="11" failures="0" timestamp="28 Jul 2017 10:47:14 GMT" time="0.253" errors="0">
  <testcase name="@BeforeTest openfirefox" time="0.147" classname="com.xqt.paintpartner.PP_ADMIN_test">
    <failure type="java.lang.NoClassDefFoundError" message="org/w3c/dom/ElementTraversal">
      <![CDATA[java.lang.NoClassDefFoundError: org/w3c/dom/ElementTraversal
	at java.lang.ClassLoader.defineClass1(Native Method)
	at java.lang.ClassLoader.defineClass(Unknown Source)
	at java.security.SecureClassLoader.defineClass(Unknown Source)
	at java.net.URLClassLoader.defineClass(Unknown Source)
	at java.net.URLClassLoader.access$100(Unknown Source)
	at java.net.URLClassLoader$1.run(Unknown Source)
	at java.net.URLClassLoader$1.run(Unknown Source)
	at java.security.AccessController.doPrivileged(Native Method)
	at java.net.URLClassLoader.findClass(Unknown Source)
	at java.lang.ClassLoader.loadClass(Unknown Source)
	at sun.misc.Launcher$AppClassLoader.loadClass(Unknown Source)
	at java.lang.ClassLoader.loadClass(Unknown Source)
	at org.apache.xerces.parsers.AbstractDOMParser.startDocument(Unknown Source)
	at org.apache.xerces.impl.dtd.XMLDTDValidator.startDocument(Unknown Source)
	at org.apache.xerces.impl.XMLDocumentScannerImpl.startEntity(Unknown Source)
	at org.apache.xerces.impl.XMLVersionDetector.startDocumentParsing(Unknown Source)
	at org.apache.xerces.parsers.XML11Configuration.parse(Unknown Source)
	at org.apache.xerces.parsers.XML11Configuration.parse(Unknown Source)
	at org.apache.xerces.parsers.XMLParser.parse(Unknown Source)
	at org.apache.xerces.parsers.DOMParser.parse(Unknown Source)
	at org.apache.xerces.jaxp.DocumentBuilderImpl.parse(Unknown Source)
	at javax.xml.parsers.DocumentBuilder.parse(Unknown Source)
	at org.openqa.selenium.firefox.internal.FileExtension.readIdFromInstallRdf(FileExtension.java:98)
	at org.openqa.selenium.firefox.internal.FileExtension.writeTo(FileExtension.java:61)
	at org.openqa.selenium.firefox.internal.ClasspathExtension.writeTo(ClasspathExtension.java:64)
	at org.openqa.selenium.firefox.FirefoxProfile.installExtensions(FirefoxProfile.java:442)
	at org.openqa.selenium.firefox.FirefoxProfile.layoutOnDisk(FirefoxProfile.java:420)
	at org.openqa.selenium.firefox.internal.NewProfileExtensionConnection.start(NewProfileExtensionConnection.java:85)
	at org.openqa.selenium.firefox.FirefoxDriver.startClient(FirefoxDriver.java:347)
	at org.openqa.selenium.remote.RemoteWebDriver.<init>(RemoteWebDriver.java:116)
	at org.openqa.selenium.firefox.FirefoxDriver.<init>(FirefoxDriver.java:259)
	at org.openqa.selenium.firefox.FirefoxDriver.<init>(FirefoxDriver.java:247)
	at org.openqa.selenium.firefox.FirefoxDriver.<init>(FirefoxDriver.java:242)
	at org.openqa.selenium.firefox.FirefoxDriver.<init>(FirefoxDriver.java:238)
	at org.openqa.selenium.firefox.FirefoxDriver.<init>(FirefoxDriver.java:127)
	at com.xqt.paintpartner.webdriverclass.firefoxdriver(webdriverclass.java:40)
	at com.xqt.paintpartner.PP_ADMIN_test.openfirefox(PP_ADMIN_test.java:66)
	at sun.reflect.NativeMethodAccessorImpl.invoke0(Native Method)
	at sun.reflect.NativeMethodAccessorImpl.invoke(Unknown Source)
	at sun.reflect.DelegatingMethodAccessorImpl.invoke(Unknown Source)
	at java.lang.reflect.Method.invoke(Unknown Source)
	at org.testng.internal.MethodInvocationHelper.invokeMethod(MethodInvocationHelper.java:108)
	at org.testng.internal.Invoker.invokeConfigurationMethod(Invoker.java:523)
	at org.testng.internal.Invoker.invokeConfigurations(Invoker.java:224)
	at org.testng.internal.Invoker.invokeConfigurations(Invoker.java:146)
	at org.testng.TestRunner.beforeRun(TestRunner.java:626)
	at org.testng.TestRunner.run(TestRunner.java:594)
	at org.testng.SuiteRunner.runTest(SuiteRunner.java:380)
	at org.testng.SuiteRunner.runSequentially(SuiteRunner.java:375)
	at org.testng.SuiteRunner.privateRun(SuiteRunner.java:340)
	at org.testng.SuiteRunner.run(SuiteRunner.java:289)
	at org.testng.SuiteRunnerWorker.runSuite(SuiteRunnerWorker.java:52)
	at org.testng.SuiteRunnerWorker.run(SuiteRunnerWorker.java:86)
	at org.testng.TestNG.runSuitesSequentially(TestNG.java:1301)
	at org.testng.TestNG.runSuitesLocally(TestNG.java:1226)
	at org.testng.TestNG.runSuites(TestNG.java:1144)
	at org.testng.TestNG.run(TestNG.java:1115)
	at org.testng.remote.AbstractRemoteTestNG.run(AbstractRemoteTestNG.java:132)
	at org.testng.remote.RemoteTestNG.initAndRun(RemoteTestNG.java:230)
	at org.testng.remote.RemoteTestNG.main(RemoteTestNG.java:76)
Caused by: java.lang.ClassNotFoundException: org.w3c.dom.ElementTraversal
	at java.net.URLClassLoader.findClass(Unknown Source)
	at java.lang.ClassLoader.loadClass(Unknown Source)
	at sun.misc.Launcher$AppClassLoader.loadClass(Unknown Source)
	at java.lang.ClassLoader.loadClass(Unknown Source)
	... 60 more
]]>
    </failure>
  </testcase> <!-- @BeforeTest openfirefox -->
  <testcase name="@BeforeMethod go" time="0.0" classname="com.xqt.paintpartner.PP_ADMIN_test">
    <skipped/>
  </testcase> <!-- @BeforeMethod go -->
  <testcase name="@BeforeMethod go" time="0.0" classname="com.xqt.paintpartner.PP_ADMIN_test">
    <skipped/>
  </testcase> <!-- @BeforeMethod go -->
  <testcase name="@BeforeMethod go" time="0.0" classname="com.xqt.paintpartner.PP_ADMIN_test">
    <skipped/>
  </testcase> <!-- @BeforeMethod go -->
  <testcase name="@BeforeMethod go" time="0.0" classname="com.xqt.paintpartner.PP_ADMIN_test">
    <skipped/>
  </testcase> <!-- @BeforeMethod go -->
  <testcase name="@BeforeMethod go" time="0.0" classname="com.xqt.paintpartner.PP_ADMIN_test">
    <skipped/>
  </testcase> <!-- @BeforeMethod go -->
  <testcase name="@BeforeMethod go" time="0.0" classname="com.xqt.paintpartner.PP_ADMIN_test">
    <skipped/>
  </testcase> <!-- @BeforeMethod go -->
  <testcase name="@BeforeMethod go" time="0.0" classname="com.xqt.paintpartner.PP_ADMIN_test">
    <skipped/>
  </testcase> <!-- @BeforeMethod go -->
  <testcase name="@BeforeMethod go" time="0.0" classname="com.xqt.paintpartner.PP_ADMIN_test">
    <skipped/>
  </testcase> <!-- @BeforeMethod go -->
  <testcase name="@BeforeMethod go" time="0.0" classname="com.xqt.paintpartner.PP_ADMIN_test">
    <skipped/>
  </testcase> <!-- @BeforeMethod go -->
  <testcase name="@BeforeMethod go" time="0.0" classname="com.xqt.paintpartner.PP_ADMIN_test">
    <skipped/>
  </testcase> <!-- @BeforeMethod go -->
  <testcase name="@BeforeMethod go" time="0.0" classname="com.xqt.paintpartner.PP_ADMIN_test">
    <skipped/>
  </testcase> <!-- @BeforeMethod go -->
  <testcase name="@AfterTest closefirefox" time="0.0" classname="com.xqt.paintpartner.PP_ADMIN_test">
    <skipped/>
  </testcase> <!-- @AfterTest closefirefox -->
  <testcase name="coloursearch" time="0.0" classname="com.xqt.paintpartner.PP_ADMIN_test">
    <skipped/>
  </testcase> <!-- coloursearch -->
  <testcase name="colourrequest" time="0.0" classname="com.xqt.paintpartner.PP_ADMIN_test">
    <skipped/>
  </testcase> <!-- colourrequest -->
  <testcase name="managepanel" time="0.0" classname="com.xqt.paintpartner.PP_ADMIN_test">
    <skipped/>
  </testcase> <!-- managepanel -->
  <testcase name="managecolour" time="0.0" classname="com.xqt.paintpartner.PP_ADMIN_test">
    <skipped/>
  </testcase> <!-- managecolour -->
  <testcase name="PROFILE" time="0.0" classname="com.xqt.paintpartner.PP_ADMIN_test">
    <skipped/>
  </testcase> <!-- PROFILE -->
  <testcase name="UserRegistration" time="0.0" classname="com.xqt.paintpartner.PP_ADMIN_test">
    <skipped/>
  </testcase> <!-- UserRegistration -->
  <testcase name="PRICING" time="0.0" classname="com.xqt.paintpartner.PP_ADMIN_test">
    <skipped/>
  </testcase> <!-- PRICING -->
  <testcase name="datashare" time="0.0" classname="com.xqt.paintpartner.PP_ADMIN_test">
    <skipped/>
  </testcase> <!-- datashare -->
  <testcase name="Download" time="0.0" classname="com.xqt.paintpartner.PP_ADMIN_test">
    <skipped/>
  </testcase> <!-- Download -->
  <testcase name="systemreport" time="0.0" classname="com.xqt.paintpartner.PP_ADMIN_test">
    <skipped/>
  </testcase> <!-- systemreport -->
  <testcase name="mastermanagement" time="0.0" classname="com.xqt.paintpartner.PP_ADMIN_test">
    <skipped/>
  </testcase> <!-- mastermanagement -->
</testsuite> <!-- Paint Partner-PP-Admin test -->
