<html>
<head>
<title>TestNG:  Paint Partner-Admin Screenshot and  testing</title>
<link href="../testng.css" rel="stylesheet" type="text/css" />
<link href="../my-testng.css" rel="stylesheet" type="text/css" />

<style type="text/css">
.log { display: none;} 
.stack-trace { display: none;} 
</style>
<script type="text/javascript">
<!--
function flip(e) {
  current = e.style.display;
  if (current == 'block') {
    e.style.display = 'none';
    return 0;
  }
  else {
    e.style.display = 'block';
    return 1;
  }
}

function toggleBox(szDivId, elem, msg1, msg2)
{
  var res = -1;  if (document.getElementById) {
    res = flip(document.getElementById(szDivId));
  }
  else if (document.all) {
    // this is the way old msie versions work
    res = flip(document.all[szDivId]);
  }
  if(elem) {
    if(res == 0) elem.innerHTML = msg1; else elem.innerHTML = msg2;
  }

}

function toggleAllBoxes() {
  if (document.getElementsByTagName) {
    d = document.getElementsByTagName('div');
    for (i = 0; i < d.length; i++) {
      if (d[i].className == 'log') {
        flip(d[i]);
      }
    }
  }
}

// -->
</script>

</head>
<body>
<h2 align='center'>Paint Partner-Admin Screenshot and  testing</h2><table border='1' align="center">
<tr>
<td>Tests passed/Failed/Skipped:</td><td>10/1/0</td>
</tr><tr>
<td>Started on:</td><td>Wed Nov 14 16:08:15 IST 2018</td>
</tr>
<tr><td>Total time:</td><td>210 seconds (210500 ms)</td>
</tr><tr>
<td>Included groups:</td><td></td>
</tr><tr>
<td>Excluded groups:</td><td></td>
</tr>
</table><p/>
<small><i>(Hover the method name to see the test class name)</i></small><p/>
<table width='100%' border='1' class='invocation-failed'>
<tr><td colspan='4' align='center'><b>FAILED CONFIGURATIONS</b></td></tr>
<tr><td><b>Test method</b></td>
<td width="30%"><b>Exception</b></td>
<td width="10%"><b>Time (seconds)</b></td>
<td><b>Instance</b></td>
</tr>
<tr>
<td title='com.xqt.paintpartner.PP_ADMIN_test.gotohomepage()'><b>gotohomepage</b><br>Test class: com.xqt.paintpartner.PP_ADMIN_test</td>
<td><div><pre>org.openqa.selenium.WebDriverException: unknown error: Element &lt;img src=&quot;NPNImages/home.png&quot; style=&quot;margin: 8px 0 0 0&quot;&gt; is not clickable at point (1204, 124). Other element would receive the click: &lt;div class=&quot;loaderTC&quot;&gt;...&lt;/div&gt;
  (Session info: chrome=70.0.3538.102)
  (Driver info: chromedriver=2.38.552522 (437e6fbedfa8762dec75e2c5b3ddb86763dc9dcb),platform=Windows NT 10.0.15063 x86_64) (WARNING: The server did not provide any stacktrace information)
Command duration or timeout: 37 milliseconds
Build info: version: &apos;3.3.1&apos;, revision: &apos;5234b325d5&apos;, time: &apos;2017-03-10 09:10:29 +0000&apos;
System info: host: &apos;WKSSDS003&apos;, ip: &apos;192.168.1.114&apos;, os.name: &apos;Windows 10&apos;, os.arch: &apos;amd64&apos;, os.version: &apos;10.0&apos;, java.version: &apos;1.8.0_151&apos;
Driver info: org.openqa.selenium.chrome.ChromeDriver
Capabilities [{applicationCacheEnabled=false, rotatable=false, mobileEmulationEnabled=false, networkConnectionEnabled=false, chrome={chromedriverVersion=2.38.552522 (437e6fbedfa8762dec75e2c5b3ddb86763dc9dcb), userDataDir=C:\Users\User\AppData\Local\Temp\scoped_dir548_3564}, takesHeapSnapshot=true, pageLoadStrategy=normal, databaseEnabled=false, handlesAlerts=true, hasTouchScreen=false, version=70.0.3538.102, platform=XP, browserConnectionEnabled=false, nativeEvents=true, acceptSslCerts=false, acceptInsecureCerts=false, locationContextEnabled=true, webStorageEnabled=true, browserName=chrome, takesScreenshot=true, javascriptEnabled=true, cssSelectorsEnabled=true, setWindowRect=true, unexpectedAlertBehaviour=}]
Session ID: d5586a1d08950638c287c9e8866ff435
	at org.openqa.selenium.remote.ErrorHandler.createThrowable(ErrorHandler.java:216)
	at org.openqa.selenium.remote.ErrorHandler.throwIfResponseFailed(ErrorHandler.java:168)
	at org.openqa.selenium.remote.RemoteWebDriver.execute(RemoteWebDriver.java:638)
	at org.openqa.selenium.remote.RemoteWebElement.execute(RemoteWebElement.java:274)
	at org.openqa.selenium.remote.RemoteWebElement.click(RemoteWebElement.java:84)
	at com.xqt.paintpartner.PP_ADMIN_test.gotohomepage(PP_ADMIN_test.java:61)
... Removed 32 stack frames</pre></div><a href='#' onClick='toggleBox("stack-trace970865974", this, "Click to show all stack frames", "Click to hide stack frames")'>Click to show all stack frames</a>
<div class='stack-trace' id='stack-trace970865974'><pre>org.openqa.selenium.WebDriverException: unknown error: Element &lt;img src=&quot;NPNImages/home.png&quot; style=&quot;margin: 8px 0 0 0&quot;&gt; is not clickable at point (1204, 124). Other element would receive the click: &lt;div class=&quot;loaderTC&quot;&gt;...&lt;/div&gt;
  (Session info: chrome=70.0.3538.102)
  (Driver info: chromedriver=2.38.552522 (437e6fbedfa8762dec75e2c5b3ddb86763dc9dcb),platform=Windows NT 10.0.15063 x86_64) (WARNING: The server did not provide any stacktrace information)
Command duration or timeout: 37 milliseconds
Build info: version: &apos;3.3.1&apos;, revision: &apos;5234b325d5&apos;, time: &apos;2017-03-10 09:10:29 +0000&apos;
System info: host: &apos;WKSSDS003&apos;, ip: &apos;192.168.1.114&apos;, os.name: &apos;Windows 10&apos;, os.arch: &apos;amd64&apos;, os.version: &apos;10.0&apos;, java.version: &apos;1.8.0_151&apos;
Driver info: org.openqa.selenium.chrome.ChromeDriver
Capabilities [{applicationCacheEnabled=false, rotatable=false, mobileEmulationEnabled=false, networkConnectionEnabled=false, chrome={chromedriverVersion=2.38.552522 (437e6fbedfa8762dec75e2c5b3ddb86763dc9dcb), userDataDir=C:\Users\User\AppData\Local\Temp\scoped_dir548_3564}, takesHeapSnapshot=true, pageLoadStrategy=normal, databaseEnabled=false, handlesAlerts=true, hasTouchScreen=false, version=70.0.3538.102, platform=XP, browserConnectionEnabled=false, nativeEvents=true, acceptSslCerts=false, acceptInsecureCerts=false, locationContextEnabled=true, webStorageEnabled=true, browserName=chrome, takesScreenshot=true, javascriptEnabled=true, cssSelectorsEnabled=true, setWindowRect=true, unexpectedAlertBehaviour=}]
Session ID: d5586a1d08950638c287c9e8866ff435
	at sun.reflect.NativeConstructorAccessorImpl.newInstance0(Native Method)
	at sun.reflect.NativeConstructorAccessorImpl.newInstance(NativeConstructorAccessorImpl.java:62)
	at sun.reflect.DelegatingConstructorAccessorImpl.newInstance(DelegatingConstructorAccessorImpl.java:45)
	at java.lang.reflect.Constructor.newInstance(Constructor.java:423)
	at org.openqa.selenium.remote.ErrorHandler.createThrowable(ErrorHandler.java:216)
	at org.openqa.selenium.remote.ErrorHandler.throwIfResponseFailed(ErrorHandler.java:168)
	at org.openqa.selenium.remote.RemoteWebDriver.execute(RemoteWebDriver.java:638)
	at org.openqa.selenium.remote.RemoteWebElement.execute(RemoteWebElement.java:274)
	at org.openqa.selenium.remote.RemoteWebElement.click(RemoteWebElement.java:84)
	at com.xqt.paintpartner.PP_ADMIN_test.gotohomepage(PP_ADMIN_test.java:61)
	at sun.reflect.NativeMethodAccessorImpl.invoke0(Native Method)
	at sun.reflect.NativeMethodAccessorImpl.invoke(NativeMethodAccessorImpl.java:62)
	at sun.reflect.DelegatingMethodAccessorImpl.invoke(DelegatingMethodAccessorImpl.java:43)
	at java.lang.reflect.Method.invoke(Method.java:498)
	at org.testng.internal.MethodInvocationHelper.invokeMethod(MethodInvocationHelper.java:124)
	at org.testng.internal.MethodInvocationHelper.invokeMethodConsideringTimeout(MethodInvocationHelper.java:59)
	at org.testng.internal.Invoker.invokeConfigurationMethod(Invoker.java:451)
	at org.testng.internal.Invoker.invokeConfigurations(Invoker.java:222)
	at org.testng.internal.Invoker.invokeMethod(Invoker.java:634)
	at org.testng.internal.Invoker.invokeTestMethod(Invoker.java:707)
	at org.testng.internal.Invoker.invokeTestMethods(Invoker.java:979)
	at org.testng.internal.TestMethodWorker.invokeTestMethods(TestMethodWorker.java:125)
	at org.testng.internal.TestMethodWorker.run(TestMethodWorker.java:109)
	at org.testng.TestRunner.privateRun(TestRunner.java:648)
	at org.testng.TestRunner.run(TestRunner.java:505)
	at org.testng.SuiteRunner.runTest(SuiteRunner.java:455)
	at org.testng.SuiteRunner.runSequentially(SuiteRunner.java:450)
	at org.testng.SuiteRunner.privateRun(SuiteRunner.java:415)
	at org.testng.SuiteRunner.run(SuiteRunner.java:364)
	at org.testng.SuiteRunnerWorker.runSuite(SuiteRunnerWorker.java:52)
	at org.testng.SuiteRunnerWorker.run(SuiteRunnerWorker.java:84)
	at org.testng.TestNG.runSuitesSequentially(TestNG.java:1187)
	at org.testng.TestNG.runSuitesLocally(TestNG.java:1116)
	at org.testng.TestNG.runSuites(TestNG.java:1028)
	at org.testng.TestNG.run(TestNG.java:996)
	at org.testng.remote.AbstractRemoteTestNG.run(AbstractRemoteTestNG.java:114)
	at org.testng.remote.RemoteTestNG.initAndRun(RemoteTestNG.java:251)
	at org.testng.remote.RemoteTestNG.main(RemoteTestNG.java:77)
</pre></div></td>
<td>0</td>
<td>com.xqt.paintpartner.PP_ADMIN_test@6fb0d3ed</td></tr>
</table><p>
<table width='100%' border='1' class='invocation-skipped'>
<tr><td colspan='4' align='center'><b>SKIPPED CONFIGURATIONS</b></td></tr>
<tr><td><b>Test method</b></td>
<td width="30%"><b>Exception</b></td>
<td width="10%"><b>Time (seconds)</b></td>
<td><b>Instance</b></td>
</tr>
<tr>
<td title='com.xqt.paintpartner.PP_ADMIN_test.closefirefox()'><b>closefirefox</b><br>Test class: com.xqt.paintpartner.PP_ADMIN_test</td>
<td></td>
<td>0</td>
<td>com.xqt.paintpartner.PP_ADMIN_test@6fb0d3ed</td></tr>
</table><p>
<table width='100%' border='1' class='invocation-failed'>
<tr><td colspan='4' align='center'><b>FAILED TESTS</b></td></tr>
<tr><td><b>Test method</b></td>
<td width="30%"><b>Exception</b></td>
<td width="10%"><b>Time (seconds)</b></td>
<td><b>Instance</b></td>
</tr>
<tr>
<td title='com.xqt.paintpartner.PP_ADMIN_test.mastermanagement()'><b>mastermanagement</b><br>Test class: com.xqt.paintpartner.PP_ADMIN_test</td>
<td><div><pre>org.openqa.selenium.WebDriverException: unknown error: Element &lt;input id=&quot;ctl00_ContentPlaceHolder1_rdbSelectUserType_1&quot; type=&quot;radio&quot; name=&quot;ctl00$ContentPlaceHolder1$rdbSelectUserType&quot; value=&quot;0&quot; onclick=&quot;javascript:setTimeout(&apos;__doPostBack(\&apos;ctl00$ContentPlaceHolder1$rdbSelectUserType$1\&apos;,\&apos;\&apos;)&apos;, 0)&quot;&gt; is not clickable at point (686, 208). Other element would receive the click: &lt;div class=&quot;loaderTC&quot;&gt;...&lt;/div&gt;
  (Session info: chrome=70.0.3538.102)
  (Driver info: chromedriver=2.38.552522 (437e6fbedfa8762dec75e2c5b3ddb86763dc9dcb),platform=Windows NT 10.0.15063 x86_64) (WARNING: The server did not provide any stacktrace information)
Command duration or timeout: 38 milliseconds
Build info: version: &apos;3.3.1&apos;, revision: &apos;5234b325d5&apos;, time: &apos;2017-03-10 09:10:29 +0000&apos;
System info: host: &apos;WKSSDS003&apos;, ip: &apos;192.168.1.114&apos;, os.name: &apos;Windows 10&apos;, os.arch: &apos;amd64&apos;, os.version: &apos;10.0&apos;, java.version: &apos;1.8.0_151&apos;
Driver info: org.openqa.selenium.chrome.ChromeDriver
Capabilities [{applicationCacheEnabled=false, rotatable=false, mobileEmulationEnabled=false, networkConnectionEnabled=false, chrome={chromedriverVersion=2.38.552522 (437e6fbedfa8762dec75e2c5b3ddb86763dc9dcb), userDataDir=C:\Users\User\AppData\Local\Temp\scoped_dir548_3564}, takesHeapSnapshot=true, pageLoadStrategy=normal, databaseEnabled=false, handlesAlerts=true, hasTouchScreen=false, version=70.0.3538.102, platform=XP, browserConnectionEnabled=false, nativeEvents=true, acceptSslCerts=false, acceptInsecureCerts=false, locationContextEnabled=true, webStorageEnabled=true, browserName=chrome, takesScreenshot=true, javascriptEnabled=true, cssSelectorsEnabled=true, setWindowRect=true, unexpectedAlertBehaviour=}]
Session ID: d5586a1d08950638c287c9e8866ff435
	at org.openqa.selenium.remote.ErrorHandler.createThrowable(ErrorHandler.java:216)
	at org.openqa.selenium.remote.ErrorHandler.throwIfResponseFailed(ErrorHandler.java:168)
	at org.openqa.selenium.remote.RemoteWebDriver.execute(RemoteWebDriver.java:638)
	at org.openqa.selenium.remote.RemoteWebElement.execute(RemoteWebElement.java:274)
	at org.openqa.selenium.remote.RemoteWebElement.click(RemoteWebElement.java:84)
	at com.xqt.paintpartner.PP_ADMIN_test.mastermanagement(PP_ADMIN_test.java:283)
... Removed 29 stack frames</pre></div><a href='#' onClick='toggleBox("stack-trace1703009290", this, "Click to show all stack frames", "Click to hide stack frames")'>Click to show all stack frames</a>
<div class='stack-trace' id='stack-trace1703009290'><pre>org.openqa.selenium.WebDriverException: unknown error: Element &lt;input id=&quot;ctl00_ContentPlaceHolder1_rdbSelectUserType_1&quot; type=&quot;radio&quot; name=&quot;ctl00$ContentPlaceHolder1$rdbSelectUserType&quot; value=&quot;0&quot; onclick=&quot;javascript:setTimeout(&apos;__doPostBack(\&apos;ctl00$ContentPlaceHolder1$rdbSelectUserType$1\&apos;,\&apos;\&apos;)&apos;, 0)&quot;&gt; is not clickable at point (686, 208). Other element would receive the click: &lt;div class=&quot;loaderTC&quot;&gt;...&lt;/div&gt;
  (Session info: chrome=70.0.3538.102)
  (Driver info: chromedriver=2.38.552522 (437e6fbedfa8762dec75e2c5b3ddb86763dc9dcb),platform=Windows NT 10.0.15063 x86_64) (WARNING: The server did not provide any stacktrace information)
Command duration or timeout: 38 milliseconds
Build info: version: &apos;3.3.1&apos;, revision: &apos;5234b325d5&apos;, time: &apos;2017-03-10 09:10:29 +0000&apos;
System info: host: &apos;WKSSDS003&apos;, ip: &apos;192.168.1.114&apos;, os.name: &apos;Windows 10&apos;, os.arch: &apos;amd64&apos;, os.version: &apos;10.0&apos;, java.version: &apos;1.8.0_151&apos;
Driver info: org.openqa.selenium.chrome.ChromeDriver
Capabilities [{applicationCacheEnabled=false, rotatable=false, mobileEmulationEnabled=false, networkConnectionEnabled=false, chrome={chromedriverVersion=2.38.552522 (437e6fbedfa8762dec75e2c5b3ddb86763dc9dcb), userDataDir=C:\Users\User\AppData\Local\Temp\scoped_dir548_3564}, takesHeapSnapshot=true, pageLoadStrategy=normal, databaseEnabled=false, handlesAlerts=true, hasTouchScreen=false, version=70.0.3538.102, platform=XP, browserConnectionEnabled=false, nativeEvents=true, acceptSslCerts=false, acceptInsecureCerts=false, locationContextEnabled=true, webStorageEnabled=true, browserName=chrome, takesScreenshot=true, javascriptEnabled=true, cssSelectorsEnabled=true, setWindowRect=true, unexpectedAlertBehaviour=}]
Session ID: d5586a1d08950638c287c9e8866ff435
	at sun.reflect.NativeConstructorAccessorImpl.newInstance0(Native Method)
	at sun.reflect.NativeConstructorAccessorImpl.newInstance(NativeConstructorAccessorImpl.java:62)
	at sun.reflect.DelegatingConstructorAccessorImpl.newInstance(DelegatingConstructorAccessorImpl.java:45)
	at java.lang.reflect.Constructor.newInstance(Constructor.java:423)
	at org.openqa.selenium.remote.ErrorHandler.createThrowable(ErrorHandler.java:216)
	at org.openqa.selenium.remote.ErrorHandler.throwIfResponseFailed(ErrorHandler.java:168)
	at org.openqa.selenium.remote.RemoteWebDriver.execute(RemoteWebDriver.java:638)
	at org.openqa.selenium.remote.RemoteWebElement.execute(RemoteWebElement.java:274)
	at org.openqa.selenium.remote.RemoteWebElement.click(RemoteWebElement.java:84)
	at com.xqt.paintpartner.PP_ADMIN_test.mastermanagement(PP_ADMIN_test.java:283)
	at sun.reflect.NativeMethodAccessorImpl.invoke0(Native Method)
	at sun.reflect.NativeMethodAccessorImpl.invoke(NativeMethodAccessorImpl.java:62)
	at sun.reflect.DelegatingMethodAccessorImpl.invoke(DelegatingMethodAccessorImpl.java:43)
	at java.lang.reflect.Method.invoke(Method.java:498)
	at org.testng.internal.MethodInvocationHelper.invokeMethod(MethodInvocationHelper.java:124)
	at org.testng.internal.Invoker.invokeMethod(Invoker.java:571)
	at org.testng.internal.Invoker.invokeTestMethod(Invoker.java:707)
	at org.testng.internal.Invoker.invokeTestMethods(Invoker.java:979)
	at org.testng.internal.TestMethodWorker.invokeTestMethods(TestMethodWorker.java:125)
	at org.testng.internal.TestMethodWorker.run(TestMethodWorker.java:109)
	at org.testng.TestRunner.privateRun(TestRunner.java:648)
	at org.testng.TestRunner.run(TestRunner.java:505)
	at org.testng.SuiteRunner.runTest(SuiteRunner.java:455)
	at org.testng.SuiteRunner.runSequentially(SuiteRunner.java:450)
	at org.testng.SuiteRunner.privateRun(SuiteRunner.java:415)
	at org.testng.SuiteRunner.run(SuiteRunner.java:364)
	at org.testng.SuiteRunnerWorker.runSuite(SuiteRunnerWorker.java:52)
	at org.testng.SuiteRunnerWorker.run(SuiteRunnerWorker.java:84)
	at org.testng.TestNG.runSuitesSequentially(TestNG.java:1187)
	at org.testng.TestNG.runSuitesLocally(TestNG.java:1116)
	at org.testng.TestNG.runSuites(TestNG.java:1028)
	at org.testng.TestNG.run(TestNG.java:996)
	at org.testng.remote.AbstractRemoteTestNG.run(AbstractRemoteTestNG.java:114)
	at org.testng.remote.RemoteTestNG.initAndRun(RemoteTestNG.java:251)
	at org.testng.remote.RemoteTestNG.main(RemoteTestNG.java:77)
</pre></div></td>
<td>10</td>
<td>com.xqt.paintpartner.PP_ADMIN_test@6fb0d3ed</td></tr>
</table><p>
<table width='100%' border='1' class='invocation-passed'>
<tr><td colspan='4' align='center'><b>PASSED TESTS</b></td></tr>
<tr><td><b>Test method</b></td>
<td width="30%"><b>Exception</b></td>
<td width="10%"><b>Time (seconds)</b></td>
<td><b>Instance</b></td>
</tr>
<tr>
<td title='com.xqt.paintpartner.PP_ADMIN_test.Download()'><b>Download</b><br>Test class: com.xqt.paintpartner.PP_ADMIN_test</td>
<td></td>
<td>9</td>
<td>com.xqt.paintpartner.PP_ADMIN_test@6fb0d3ed</td></tr>
<tr>
<td title='com.xqt.paintpartner.PP_ADMIN_test.PRICING()'><b>PRICING</b><br>Test class: com.xqt.paintpartner.PP_ADMIN_test</td>
<td></td>
<td>3</td>
<td>com.xqt.paintpartner.PP_ADMIN_test@6fb0d3ed</td></tr>
<tr>
<td title='com.xqt.paintpartner.PP_ADMIN_test.PROFILE()'><b>PROFILE</b><br>Test class: com.xqt.paintpartner.PP_ADMIN_test</td>
<td></td>
<td>0</td>
<td>com.xqt.paintpartner.PP_ADMIN_test@6fb0d3ed</td></tr>
<tr>
<td title='com.xqt.paintpartner.PP_ADMIN_test.UserRegistration()'><b>UserRegistration</b><br>Test class: com.xqt.paintpartner.PP_ADMIN_test</td>
<td></td>
<td>2</td>
<td>com.xqt.paintpartner.PP_ADMIN_test@6fb0d3ed</td></tr>
<tr>
<td title='com.xqt.paintpartner.PP_ADMIN_test.colourrequest()'><b>colourrequest</b><br>Test class: com.xqt.paintpartner.PP_ADMIN_test</td>
<td></td>
<td>10</td>
<td>com.xqt.paintpartner.PP_ADMIN_test@6fb0d3ed</td></tr>
<tr>
<td title='com.xqt.paintpartner.PP_ADMIN_test.coloursearch()'><b>coloursearch</b><br>Test class: com.xqt.paintpartner.PP_ADMIN_test</td>
<td></td>
<td>22</td>
<td>com.xqt.paintpartner.PP_ADMIN_test@6fb0d3ed</td></tr>
<tr>
<td title='com.xqt.paintpartner.PP_ADMIN_test.datashare()'><b>datashare</b><br>Test class: com.xqt.paintpartner.PP_ADMIN_test</td>
<td></td>
<td>1</td>
<td>com.xqt.paintpartner.PP_ADMIN_test@6fb0d3ed</td></tr>
<tr>
<td title='com.xqt.paintpartner.PP_ADMIN_test.managecolour()'><b>managecolour</b><br>Test class: com.xqt.paintpartner.PP_ADMIN_test</td>
<td></td>
<td>98</td>
<td>com.xqt.paintpartner.PP_ADMIN_test@6fb0d3ed</td></tr>
<tr>
<td title='com.xqt.paintpartner.PP_ADMIN_test.managepanel()'><b>managepanel</b><br>Test class: com.xqt.paintpartner.PP_ADMIN_test</td>
<td></td>
<td>26</td>
<td>com.xqt.paintpartner.PP_ADMIN_test@6fb0d3ed</td></tr>
<tr>
<td title='com.xqt.paintpartner.PP_ADMIN_test.systemreport()'><b>systemreport</b><br>Test class: com.xqt.paintpartner.PP_ADMIN_test</td>
<td></td>
<td>9</td>
<td>com.xqt.paintpartner.PP_ADMIN_test@6fb0d3ed</td></tr>
</table><p>
</body>
</html>