<?xml version="1.0" encoding="UTF-8"?>
<!-- Generated by org.testng.reporters.JUnitXMLReporter -->
<testsuite hostname="WKSSDS003" ignored="0" name="Paint Partner-PPDeployemetTesting" tests="5" failures="2" timestamp="14 Nov 2018 10:48:56 GMT" time="430.282" errors="0">
  <testcase name="@AfterMethod gotohomepage" time="0.046" classname="com.xqt.framework.PPDeployemetTesting">
    <failure type="org.openqa.selenium.WebDriverException" message="unknown error: Element &amp;lt;img src=&amp;quot;NPNImages/home.png&amp;quot; style=&amp;quot;margin: 8px 0 0 0&amp;quot;&amp;gt; is not clickable at point (1204, 124). Other element would receive the click: &amp;lt;div class=&amp;quot;loaderTC&amp;quot;&amp;gt;...&amp;lt;/div&amp;gt;
  (Session info: chrome=70.0.3538.102)
  (Driver info: chromedriver=2.38.552522 (437e6fbedfa8762dec75e2c5b3ddb86763dc9dcb),platform=Windows NT 10.0.15063 x86_64) (WARNING: The server did not provide any stacktrace information)
Command duration or timeout: 33 milliseconds
Build info: version: &amp;apos;3.3.1&amp;apos;, revision: &amp;apos;5234b325d5&amp;apos;, time: &amp;apos;2017-03-10 09:10:29 +0000&amp;apos;
System info: host: &amp;apos;WKSSDS003&amp;apos;, ip: &amp;apos;192.168.1.114&amp;apos;, os.name: &amp;apos;Windows 10&amp;apos;, os.arch: &amp;apos;amd64&amp;apos;, os.version: &amp;apos;10.0&amp;apos;, java.version: &amp;apos;1.8.0_151&amp;apos;
Driver info: org.openqa.selenium.chrome.ChromeDriver
Capabilities [{applicationCacheEnabled=false, rotatable=false, mobileEmulationEnabled=false, networkConnectionEnabled=false, chrome={chromedriverVersion=2.38.552522 (437e6fbedfa8762dec75e2c5b3ddb86763dc9dcb), userDataDir=C:\Users\User\AppData\Local\Temp\scoped_dir3460_30472}, takesHeapSnapshot=true, pageLoadStrategy=normal, databaseEnabled=false, handlesAlerts=true, hasTouchScreen=false, version=70.0.3538.102, platform=XP, browserConnectionEnabled=false, nativeEvents=true, acceptSslCerts=false, acceptInsecureCerts=false, locationContextEnabled=true, webStorageEnabled=true, browserName=chrome, takesScreenshot=true, javascriptEnabled=true, cssSelectorsEnabled=true, setWindowRect=true, unexpectedAlertBehaviour=}]
Session ID: 594c3c9f165d97f8c9095fce5f9773e6">
      <![CDATA[org.openqa.selenium.WebDriverException: unknown error: Element <img src="NPNImages/home.png" style="margin: 8px 0 0 0"> is not clickable at point (1204, 124). Other element would receive the click: <div class="loaderTC">...</div>  (Session info: chrome=70.0.3538.102)  (Driver info: chromedriver=2.38.552522 (437e6fbedfa8762dec75e2c5b3ddb86763dc9dcb),platform=Windows NT 10.0.15063 x86_64) (WARNING: The server did not provide any stacktrace information)Command duration or timeout: 33 millisecondsBuild info: version: '3.3.1', revision: '5234b325d5', time: '2017-03-10 09:10:29 +0000'System info: host: 'WKSSDS003', ip: '192.168.1.114', os.name: 'Windows 10', os.arch: 'amd64', os.version: '10.0', java.version: '1.8.0_151'Driver info: org.openqa.selenium.chrome.ChromeDriverCapabilities [{applicationCacheEnabled=false, rotatable=false, mobileEmulationEnabled=false, networkConnectionEnabled=false, chrome={chromedriverVersion=2.38.552522 (437e6fbedfa8762dec75e2c5b3ddb86763dc9dcb), userDataDir=C:\Users\User\AppData\Local\Temp\scoped_dir3460_30472}, takesHeapSnapshot=true, pageLoadStrategy=normal, databaseEnabled=false, handlesAlerts=true, hasTouchScreen=false, version=70.0.3538.102, platform=XP, browserConnectionEnabled=false, nativeEvents=true, acceptSslCerts=false, acceptInsecureCerts=false, locationContextEnabled=true, webStorageEnabled=true, browserName=chrome, takesScreenshot=true, javascriptEnabled=true, cssSelectorsEnabled=true, setWindowRect=true, unexpectedAlertBehaviour=}]Session ID: 594c3c9f165d97f8c9095fce5f9773e6at org.openqa.selenium.remote.ErrorHandler.createThrowable(ErrorHandler.java:216)at org.openqa.selenium.remote.ErrorHandler.throwIfResponseFailed(ErrorHandler.java:168)at org.openqa.selenium.remote.RemoteWebDriver.execute(RemoteWebDriver.java:638)at org.openqa.selenium.remote.RemoteWebElement.execute(RemoteWebElement.java:274)at org.openqa.selenium.remote.RemoteWebElement.click(RemoteWebElement.java:84)at com.xqt.framework.PPDeployemetTesting.gotohomepage(PPDeployemetTesting.java:57)... Removed 32 stack frames]]>
    </failure>
  </testcase> <!-- @AfterMethod gotohomepage -->
  <testcase name="@AfterTest closefirefox" time="0.0" classname="com.xqt.framework.PPDeployemetTesting">
    <skipped/>
  </testcase> <!-- @AfterTest closefirefox -->
  <testcase name="verifycolourcountColoursearchmodulle" time="23.264" classname="com.xqt.framework.PPDeployemetTesting">
    <failure type="org.openqa.selenium.TimeoutException" message="Expected condition failed: waiting for visibility of element located by By.xpath: //span[@id=&amp;apos;spnRecordCount&amp;apos;] (tried for 15 second(s) with 500 MILLISECONDS interval)">
      <![CDATA[org.openqa.selenium.TimeoutException: Expected condition failed: waiting for visibility of element located by By.xpath: //span[@id='spnRecordCount'] (tried for 15 second(s) with 500 MILLISECONDS interval)at org.openqa.selenium.support.ui.WebDriverWait.timeoutException(WebDriverWait.java:80)at org.openqa.selenium.support.ui.FluentWait.until(FluentWait.java:232)at com.xqt.framework.PPDeployemetTesting.verifycolourcountColoursearchmodulle(PPDeployemetTesting.java:78)Caused by: org.openqa.selenium.NoSuchElementException: Cannot locate an element using By.xpath: //span[@id='spnRecordCount']For documentation on this error, please visit: http://seleniumhq.org/exceptions/no_such_element.htmlBuild info: version: '3.3.1', revision: '5234b325d5', time: '2017-03-10 09:10:29 +0000'System info: host: 'WKSSDS003', ip: '192.168.1.114', os.name: 'Windows 10', os.arch: 'amd64', os.version: '10.0', java.version: '1.8.0_151'Driver info: driver.version: unknownat org.openqa.selenium.support.ui.ExpectedConditions.lambda$findElement$0(ExpectedConditions.java:899)at java.util.Optional.orElseThrow(Optional.java:290)at org.openqa.selenium.support.ui.ExpectedConditions.findElement(ExpectedConditions.java:898)at org.openqa.selenium.support.ui.ExpectedConditions.access$000(ExpectedConditions.java:44)at org.openqa.selenium.support.ui.ExpectedConditions$7.apply(ExpectedConditions.java:208)at org.openqa.selenium.support.ui.ExpectedConditions$7.apply(ExpectedConditions.java:204)at org.openqa.selenium.support.ui.FluentWait.until(FluentWait.java:209)... 26 more... Removed 25 stack frames]]>
    </failure>
  </testcase> <!-- verifycolourcountColoursearchmodulle -->
  <testcase name="verifycolourRequestCount" time="34.151" classname="com.xqt.framework.PPDeployemetTesting"/>
  <testcase name="verifyManagecPanelmodule" time="31.006" classname="com.xqt.framework.PPDeployemetTesting"/>
  <testcase name="verifyManagecolourmodule" time="208.904" classname="com.xqt.framework.PPDeployemetTesting"/>
  <testcase name="verifymastermanagementmodule" time="116.792" classname="com.xqt.framework.PPDeployemetTesting">
    <failure type="org.openqa.selenium.WebDriverException" message="unknown error: Element &amp;lt;input type=&amp;quot;submit&amp;quot; name=&amp;quot;ctl00$ContentPlaceHolder1$btnSearch&amp;quot; value=&amp;quot;Search&amp;quot; id=&amp;quot;ctl00_ContentPlaceHolder1_btnSearch&amp;quot; class=&amp;quot;btn btn-info active btn-sm&amp;quot;&amp;gt; is not clickable at point (762, 499). Other element would receive the click: &amp;lt;div style=&amp;quot;text-align: center;&amp;quot;&amp;gt;...&amp;lt;/div&amp;gt;
  (Session info: chrome=70.0.3538.102)
  (Driver info: chromedriver=2.38.552522 (437e6fbedfa8762dec75e2c5b3ddb86763dc9dcb),platform=Windows NT 10.0.15063 x86_64) (WARNING: The server did not provide any stacktrace information)
Command duration or timeout: 26 milliseconds
Build info: version: &amp;apos;3.3.1&amp;apos;, revision: &amp;apos;5234b325d5&amp;apos;, time: &amp;apos;2017-03-10 09:10:29 +0000&amp;apos;
System info: host: &amp;apos;WKSSDS003&amp;apos;, ip: &amp;apos;192.168.1.114&amp;apos;, os.name: &amp;apos;Windows 10&amp;apos;, os.arch: &amp;apos;amd64&amp;apos;, os.version: &amp;apos;10.0&amp;apos;, java.version: &amp;apos;1.8.0_151&amp;apos;
Driver info: org.openqa.selenium.chrome.ChromeDriver
Capabilities [{applicationCacheEnabled=false, rotatable=false, mobileEmulationEnabled=false, networkConnectionEnabled=false, chrome={chromedriverVersion=2.38.552522 (437e6fbedfa8762dec75e2c5b3ddb86763dc9dcb), userDataDir=C:\Users\User\AppData\Local\Temp\scoped_dir3460_30472}, takesHeapSnapshot=true, pageLoadStrategy=normal, databaseEnabled=false, handlesAlerts=true, hasTouchScreen=false, version=70.0.3538.102, platform=XP, browserConnectionEnabled=false, nativeEvents=true, acceptSslCerts=false, acceptInsecureCerts=false, locationContextEnabled=true, webStorageEnabled=true, browserName=chrome, takesScreenshot=true, javascriptEnabled=true, cssSelectorsEnabled=true, setWindowRect=true, unexpectedAlertBehaviour=}]
Session ID: 594c3c9f165d97f8c9095fce5f9773e6">
      <![CDATA[org.openqa.selenium.WebDriverException: unknown error: Element <input type="submit" name="ctl00$ContentPlaceHolder1$btnSearch" value="Search" id="ctl00_ContentPlaceHolder1_btnSearch" class="btn btn-info active btn-sm"> is not clickable at point (762, 499). Other element would receive the click: <div style="text-align: center;">...</div>  (Session info: chrome=70.0.3538.102)  (Driver info: chromedriver=2.38.552522 (437e6fbedfa8762dec75e2c5b3ddb86763dc9dcb),platform=Windows NT 10.0.15063 x86_64) (WARNING: The server did not provide any stacktrace information)Command duration or timeout: 26 millisecondsBuild info: version: '3.3.1', revision: '5234b325d5', time: '2017-03-10 09:10:29 +0000'System info: host: 'WKSSDS003', ip: '192.168.1.114', os.name: 'Windows 10', os.arch: 'amd64', os.version: '10.0', java.version: '1.8.0_151'Driver info: org.openqa.selenium.chrome.ChromeDriverCapabilities [{applicationCacheEnabled=false, rotatable=false, mobileEmulationEnabled=false, networkConnectionEnabled=false, chrome={chromedriverVersion=2.38.552522 (437e6fbedfa8762dec75e2c5b3ddb86763dc9dcb), userDataDir=C:\Users\User\AppData\Local\Temp\scoped_dir3460_30472}, takesHeapSnapshot=true, pageLoadStrategy=normal, databaseEnabled=false, handlesAlerts=true, hasTouchScreen=false, version=70.0.3538.102, platform=XP, browserConnectionEnabled=false, nativeEvents=true, acceptSslCerts=false, acceptInsecureCerts=false, locationContextEnabled=true, webStorageEnabled=true, browserName=chrome, takesScreenshot=true, javascriptEnabled=true, cssSelectorsEnabled=true, setWindowRect=true, unexpectedAlertBehaviour=}]Session ID: 594c3c9f165d97f8c9095fce5f9773e6at org.openqa.selenium.remote.ErrorHandler.createThrowable(ErrorHandler.java:216)at org.openqa.selenium.remote.ErrorHandler.throwIfResponseFailed(ErrorHandler.java:168)at org.openqa.selenium.remote.RemoteWebDriver.execute(RemoteWebDriver.java:638)at org.openqa.selenium.remote.RemoteWebElement.execute(RemoteWebElement.java:274)at org.openqa.selenium.remote.RemoteWebElement.click(RemoteWebElement.java:84)at com.xqt.framework.PPDeployemetTesting.verifymastermanagementmodule(PPDeployemetTesting.java:415)... Removed 29 stack frames]]>
    </failure>
  </testcase> <!-- verifymastermanagementmodule -->
</testsuite> <!-- Paint Partner-PPDeployemetTesting -->
